07:08:55.942 INFO - Selenium build info: version: '3.7.1', revision: '8a0099a'
07:08:55.943 INFO - Launching a standalone Selenium Server
2017-11-14 07:08:55.974:INFO::main: Logging initialized @333ms to org.seleniumhq.jetty9.util.log.StdErrLog
07:08:56.024 INFO - Driver class not found: com.opera.core.systems.OperaDriver
07:08:56.052 INFO - Driver provider class org.openqa.selenium.ie.InternetExplorerDriver registration is skipped:
 registration capabilities Capabilities {browserName: internet explorer, ensureCleanSession: true, platform: WINDOWS, version: } does not match the current platform MAC
07:08:56.052 INFO - Driver provider class org.openqa.selenium.edge.EdgeDriver registration is skipped:
 registration capabilities Capabilities {browserName: MicrosoftEdge, platform: WINDOWS, version: } does not match the current platform MAC
07:08:56.096 INFO - Using the passthrough mode handler
2017-11-14 07:08:56.116:INFO:osjs.Server:main: jetty-9.4.5.v20170502
2017-11-14 07:08:56.138:WARN:osjs.SecurityHandler:main: ServletContext@o.s.j.s.ServletContextHandler@484970b0{/,null,STARTING} has uncovered http methods for path: /
2017-11-14 07:08:56.142:INFO:osjsh.ContextHandler:main: Started o.s.j.s.ServletContextHandler@484970b0{/,null,AVAILABLE}
2017-11-14 07:08:56.165:INFO:osjs.AbstractConnector:main: Started ServerConnector@22e357dc{HTTP/1.1,[http/1.1]}{0.0.0.0:5555}
2017-11-14 07:08:56.166:INFO:osjs.Server:main: Started @526ms
07:08:56.166 INFO - Selenium Server is up and running
2017-11-14 07:08:56.365:INFO:osjshC.ROOT:qtp1073533248-13: org.openqa.selenium.remote.server.WebDriverServlet-139982de: Initialising WebDriverServlet
07:08:56.403 INFO - Found handler: org.openqa.selenium.remote.server.commandhandler.BeginSession@e1a3496
07:08:56.406 INFO - /session: Executing POST on /session (handler: BeginSession)
07:08:56.455 INFO - Capabilities are: Capabilities {acceptSslCerts: true, browserName: phantomjs, javascriptEnabled: true, phantomjs.binary.path: /Users/voiceworks/Desktop/V...}
07:08:56.457 INFO - Capabilities {acceptSslCerts: true, browserName: phantomjs, javascriptEnabled: true, phantomjs.binary.path: /Users/voiceworks/Desktop/V...} matched class org.openqa.selenium.remote.server.ServicedSession$Factory (provider: org.openqa.selenium.phantomjs.PhantomJSDriverService)
07:08:56.468 INFO - executable: /Users/voiceworks/Desktop/Voiceworksdemo/node_modules/phantomjs-prebuilt/lib/phantom/bin/phantomjs
07:08:56.468 INFO - port: 36821
07:08:56.468 INFO - arguments: [--webdriver=36821, --webdriver-logfile=/Users/voiceworks/Desktop/Voiceworksdemo/phantomjsdriver.log]
07:08:56.468 INFO - environment: {}
[INFO  - 2017-11-14T06:08:56.868Z] GhostDriver - Main - running on port 36821
[INFO  - 2017-11-14T06:08:57.399Z] Session [4cd0a830-c902-11e7-89ac-2570d82b9412] - page.settings - {"XSSAuditingEnabled":false,"javascriptCanCloseWindows":true,"javascriptCanOpenWindows":true,"javascriptEnabled":true,"loadImages":true,"localToRemoteUrlAccessEnabled":false,"userAgent":"Mozilla/5.0 (Macintosh; Intel Mac OS X) AppleWebKit/538.1 (KHTML, like Gecko) PhantomJS/2.1.1 Safari/538.1","webSecurityEnabled":true}
[INFO  - 2017-11-14T06:08:57.399Z] Session [4cd0a830-c902-11e7-89ac-2570d82b9412] - page.customHeaders:  - {}
[INFO  - 2017-11-14T06:08:57.399Z] Session [4cd0a830-c902-11e7-89ac-2570d82b9412] - Session.negotiatedCapabilities - {"browserName":"phantomjs","version":"2.1.1","driverName":"ghostdriver","driverVersion":"1.2.0","platform":"mac-10.11 (El Capitan)-64bit","javascriptEnabled":true,"takesScreenshot":true,"handlesAlerts":false,"databaseEnabled":false,"locationContextEnabled":false,"applicationCacheEnabled":false,"browserConnectionEnabled":false,"cssSelectorsEnabled":true,"webStorageEnabled":false,"rotatable":false,"acceptSslCerts":false,"nativeEvents":true,"proxy":{"proxyType":"direct"}}
[INFO  - 2017-11-14T06:08:57.399Z] SessionManagerReqHand - _postNewSessionCommand - New Session Created: 4cd0a830-c902-11e7-89ac-2570d82b9412
07:08:57.416 INFO - Detected dialect: OSS
07:09:07.685 INFO - Found handler: org.openqa.selenium.remote.server.ServicedSession@7ba5e03a
07:09:07.685 INFO - Handler thread for session 4cd0a830-c902-11e7-89ac-2570d82b9412 (phantomjs): Executing POST on /session/4cd0a830-c902-11e7-89ac-2570d82b9412/element (handler: ServicedSession)
07:09:07.687 INFO - To upstream: {"using":"css selector","value":"body"}
07:09:07.702 INFO - To downstream: {"sessionId":"4cd0a830-c902-11e7-89ac-2570d82b9412","status":0,"value":{"ELEMENT":":wdc:1510639747699"}}
07:09:07.708 INFO - Found handler: org.openqa.selenium.remote.server.ServicedSession@7ba5e03a
07:09:07.708 INFO - Handler thread for session 4cd0a830-c902-11e7-89ac-2570d82b9412 (phantomjs): Executing GET on /session/4cd0a830-c902-11e7-89ac-2570d82b9412/element/:wdc:1510639747699/text (handler: ServicedSession)
07:09:07.721 INFO - To downstream: {"sessionId":"4cd0a830-c902-11e7-89ac-2570d82b9412","status":0,"value":""}
07:09:07.739 INFO - Found handler: org.openqa.selenium.remote.server.ServicedSession@7ba5e03a
07:09:07.740 INFO - Handler thread for session 4cd0a830-c902-11e7-89ac-2570d82b9412 (phantomjs): Executing DELETE on /session/4cd0a830-c902-11e7-89ac-2570d82b9412 (handler: ServicedSession)
07:09:07.742 INFO - To downstream: {"sessionId":"4cd0a830-c902-11e7-89ac-2570d82b9412","status":0,"value":{}}
07:09:07.744 INFO - Removing session org.openqa.selenium.remote.server.ServicedSession@7ba5e03a
[ERROR - 2017-11-14T06:09:07.747Z] RouterReqHand - _handle.error - {"name":"Variable Resource Not Found","message":"{\"headers\":{\"Accept\":\"text/html, image/gif, image/jpeg, *; q=.2, */*; q=.2\",\"Cache-Control\":\"no-cache\",\"Connection\":\"close\",\"Host\":\"localhost:36821\",\"Pragma\":\"no-cache\",\"User-Agent\":\"Java/9\"},\"httpVersion\":\"1.1\",\"method\":\"DELETE\",\"url\":\"/session/4cd0a830-c902-11e7-89ac-2570d82b9412\",\"urlParsed\":{\"anchor\":\"\",\"query\":\"\",\"file\":\"4cd0a830-c902-11e7-89ac-2570d82b9412\",\"directory\":\"/session/\",\"path\":\"/session/4cd0a830-c902-11e7-89ac-2570d82b9412\",\"relative\":\"/session/4cd0a830-c902-11e7-89ac-2570d82b9412\",\"port\":\"\",\"host\":\"\",\"password\":\"\",\"user\":\"\",\"userInfo\":\"\",\"authority\":\"\",\"protocol\":\"\",\"source\":\"/session/4cd0a830-c902-11e7-89ac-2570d82b9412\",\"queryKey\":{},\"chunks\":[\"session\",\"4cd0a830-c902-11e7-89ac-2570d82b9412\"]}}","line":123,"sourceURL":"phantomjs://code/session_manager_request_handler.js","stack":"_deleteSessionCommand@phantomjs://code/session_manager_request_handler.js:123:74\n_handle@phantomjs://code/session_manager_request_handler.js:53:38\n_handle@phantomjs://code/router_request_handler.js:70:37"}

  phantomjs://platform/console++.js:263 in error
07:09:07.748 INFO - To downstream: Variable Resource Not Found - {"headers":{"Accept":"text/html, image/gif, image/jpeg, *; q=.2, */*; q=.2","Cache-Control":"no-cache","Connection":"close","Host":"localhost:36821","Pragma":"no-cache","User-Agent":"Java/9"},"httpVersion":"1.1","method":"DELETE","url":"/session/4cd0a830-c902-11e7-89ac-2570d82b9412","urlParsed":{"anchor":"","query":"","file":"4cd0a830-c902-11e7-89ac-2570d82b9412","directory":"/session/","path":"/session/4cd0a830-c902-11e7-89ac-2570d82b9412","relative":"/session/4cd0a830-c902-11e7-89ac-2570d82b9412","port":"","host":"","password":"","user":"","userInfo":"","authority":"","protocol":"","source":"/session/4cd0a830-c902-11e7-89ac-2570d82b9412","queryKey":{},"chunks":["session","4cd0a830-c902-11e7-89ac-2570d82b9412"]}}
[INFO  - 2017-11-14T06:09:07.750Z] ShutdownReqHand - _handle - About to shutdown
